{"timestamp":"2026-02-20T06:32:52.589417Z","level":"info","event":"DAG bundles loaded: dags-folder, example_dags","logger":"airflow.dag_processing.bundles.manager.DagBundlesManager","filename":"manager.py","lineno":179}
{"timestamp":"2026-02-20T06:32:52.599589Z","level":"info","event":"Filling up the DagBag from /opt/airflow/dags/etl_pipeline/dag_etl.py","logger":"airflow.models.dagbag.BundleDagBag","filename":"dagbag.py","lineno":593}
{"timestamp":"2026-02-20T06:32:53.025550Z","level":"warning","event":"The `airflow.operators.python.PythonOperator` attribute is deprecated. Please use `'airflow.providers.standard.operators.python.PythonOperator'`.","category":"DeprecatedImportWarning","filename":"/opt/airflow/dags/etl_pipeline/dag_etl.py","lineno":7,"logger":"py.warnings"}
{"timestamp":"2026-02-20T06:32:53.083341Z","level":"info","event":"Task instance is in running state","logger":"task.stdout"}
{"timestamp":"2026-02-20T06:32:53.084023Z","level":"info","event":" Previous state of the Task instance: TaskInstanceState.QUEUED","logger":"task.stdout"}
{"timestamp":"2026-02-20T06:32:53.087978Z","level":"info","event":"Current task name:transform_data","logger":"task.stdout"}
{"timestamp":"2026-02-20T06:32:53.090743Z","level":"info","event":"Dag name:etl_kaggle_pipeline","logger":"task.stdout"}
{"timestamp":"2026-02-20T06:32:53.114397Z","level":"info","event":"Reading file: ADANIPORTS.csv","logger":"task.stdout"}
{"timestamp":"2026-02-20T06:32:53.303856Z","level":"info","event":"Reading file: ASIANPAINT.csv","logger":"task.stdout"}
{"timestamp":"2026-02-20T06:32:53.377196Z","level":"info","event":"Reading file: AXISBANK.csv","logger":"task.stdout"}
{"timestamp":"2026-02-20T06:32:53.420730Z","level":"info","event":"Reading file: BAJAJ-AUTO.csv","logger":"task.stdout"}
{"timestamp":"2026-02-20T06:32:53.455687Z","level":"info","event":"Reading file: BAJAJFINSV.csv","logger":"task.stdout"}
{"timestamp":"2026-02-20T06:32:53.490219Z","level":"info","event":"Reading file: BAJFINANCE.csv","logger":"task.stdout"}
{"timestamp":"2026-02-20T06:32:53.533166Z","level":"info","event":"Reading file: BHARTIARTL.csv","logger":"task.stdout"}
{"timestamp":"2026-02-20T06:32:53.584889Z","level":"info","event":"Reading file: BPCL.csv","logger":"task.stdout"}
{"timestamp":"2026-02-20T06:32:53.663746Z","level":"info","event":"Reading file: BRITANNIA.csv","logger":"task.stdout"}
{"timestamp":"2026-02-20T06:32:53.717759Z","level":"info","event":"Reading file: CIPLA.csv","logger":"task.stdout"}
{"timestamp":"2026-02-20T06:32:53.767560Z","level":"info","event":"Reading file: COALINDIA.csv","logger":"task.stdout"}
{"timestamp":"2026-02-20T06:32:53.804465Z","level":"info","event":"Reading file: DRREDDY.csv","logger":"task.stdout"}
{"timestamp":"2026-02-20T06:32:53.851401Z","level":"info","event":"Reading file: EICHERMOT.csv","logger":"task.stdout"}
{"timestamp":"2026-02-20T06:32:53.894655Z","level":"info","event":"Reading file: GAIL.csv","logger":"task.stdout"}
{"timestamp":"2026-02-20T06:32:53.977386Z","level":"info","event":"Reading file: GRASIM.csv","logger":"task.stdout"}
{"timestamp":"2026-02-20T06:32:54.033117Z","level":"info","event":"Reading file: HCLTECH.csv","logger":"task.stdout"}
{"timestamp":"2026-02-20T06:32:54.090604Z","level":"info","event":"Reading file: HDFC.csv","logger":"task.stdout"}
{"timestamp":"2026-02-20T06:32:54.154234Z","level":"info","event":"Reading file: HDFCBANK.csv","logger":"task.stdout"}
{"timestamp":"2026-02-20T06:32:54.215440Z","level":"info","event":"Reading file: HEROMOTOCO.csv","logger":"task.stdout"}
{"timestamp":"2026-02-20T06:32:54.256707Z","level":"info","event":"Reading file: HINDALCO.csv","logger":"task.stdout"}
{"timestamp":"2026-02-20T06:32:54.303888Z","level":"info","event":"Reading file: HINDUNILVR.csv","logger":"task.stdout"}
{"timestamp":"2026-02-20T06:32:54.346361Z","level":"info","event":"Reading file: ICICIBANK.csv","logger":"task.stdout"}
{"timestamp":"2026-02-20T06:32:54.387537Z","level":"info","event":"Reading file: INDUSINDBK.csv","logger":"task.stdout"}
{"timestamp":"2026-02-20T06:32:54.427492Z","level":"info","event":"Reading file: INFRATEL.csv","logger":"task.stdout"}
{"timestamp":"2026-02-20T06:32:54.440609Z","level":"info","event":"Reading file: INFY.csv","logger":"task.stdout"}
{"timestamp":"2026-02-20T06:32:54.476583Z","level":"info","event":"Reading file: IOC.csv","logger":"task.stdout"}
{"timestamp":"2026-02-20T06:32:54.516074Z","level":"info","event":"Reading file: ITC.csv","logger":"task.stdout"}
{"timestamp":"2026-02-20T06:32:54.562590Z","level":"info","event":"Reading file: JSWSTEEL.csv","logger":"task.stdout"}
{"timestamp":"2026-02-20T06:32:54.609816Z","level":"info","event":"Reading file: KOTAKBANK.csv","logger":"task.stdout"}
{"timestamp":"2026-02-20T06:32:54.686785Z","level":"info","event":"Reading file: LT.csv","logger":"task.stdout"}
{"timestamp":"2026-02-20T06:32:54.743562Z","level":"info","event":"Reading file: MARUTI.csv","logger":"task.stdout"}
{"timestamp":"2026-02-20T06:32:54.784788Z","level":"info","event":"Reading file: MM.csv","logger":"task.stdout"}
{"timestamp":"2026-02-20T06:32:54.843377Z","level":"info","event":"Reading file: NESTLEIND.csv","logger":"task.stdout"}
{"timestamp":"2026-02-20T06:32:54.876854Z","level":"info","event":"Reading file: NIFTY50_all.csv","logger":"task.stdout"}
{"timestamp":"2026-02-20T06:32:58.559210Z","level":"info","event":"Reading file: NTPC.csv","logger":"task.stdout"}
{"timestamp":"2026-02-20T06:32:58.632410Z","level":"info","event":"Reading file: ONGC.csv","logger":"task.stdout"}
{"timestamp":"2026-02-20T06:32:58.674663Z","level":"info","event":"Reading file: POWERGRID.csv","logger":"task.stdout"}
{"timestamp":"2026-02-20T06:32:58.734210Z","level":"info","event":"Reading file: RELIANCE.csv","logger":"task.stdout"}
{"timestamp":"2026-02-20T06:32:58.796966Z","level":"info","event":"Reading file: SBIN.csv","logger":"task.stdout"}
{"timestamp":"2026-02-20T06:32:58.850542Z","level":"info","event":"Reading file: SHREECEM.csv","logger":"task.stdout"}
{"timestamp":"2026-02-20T06:32:58.906905Z","level":"info","event":"Reading file: stock_metadata.csv","logger":"task.stdout"}
{"timestamp":"2026-02-20T06:32:58.922449Z","level":"info","event":"Reading file: SUNPHARMA.csv","logger":"task.stdout"}
{"timestamp":"2026-02-20T06:32:58.992115Z","level":"info","event":"Reading file: TATAMOTORS.csv","logger":"task.stdout"}
{"timestamp":"2026-02-20T06:32:59.064164Z","level":"info","event":"Reading file: TATASTEEL.csv","logger":"task.stdout"}
{"timestamp":"2026-02-20T06:32:59.115924Z","level":"info","event":"Reading file: TCS.csv","logger":"task.stdout"}
{"timestamp":"2026-02-20T06:32:59.182406Z","level":"info","event":"Reading file: TECHM.csv","logger":"task.stdout"}
{"timestamp":"2026-02-20T06:32:59.259462Z","level":"info","event":"Reading file: TITAN.csv","logger":"task.stdout"}
{"timestamp":"2026-02-20T06:32:59.337759Z","level":"info","event":"Reading file: ULTRACEMCO.csv","logger":"task.stdout"}
{"timestamp":"2026-02-20T06:32:59.403690Z","level":"info","event":"Reading file: UPL.csv","logger":"task.stdout"}
{"timestamp":"2026-02-20T06:32:59.454278Z","level":"info","event":"Reading file: VEDL.csv","logger":"task.stdout"}
{"timestamp":"2026-02-20T06:32:59.507958Z","level":"info","event":"Reading file: WIPRO.csv","logger":"task.stdout"}
{"timestamp":"2026-02-20T06:32:59.586560Z","level":"info","event":"Reading file: ZEEL.csv","logger":"task.stdout"}
{"timestamp":"2026-02-20T06:32:59.707415Z","level":"warning","event":"The behavior of DataFrame concatenation with empty or all-NA entries is deprecated. In a future version, this will no longer exclude empty or all-NA columns when determining the result dtypes. To retain the old behavior, exclude the relevant entries before the concat operation.","category":"FutureWarning","filename":"/opt/airflow/dags/etl_pipeline/dag_etl.py","lineno":58,"logger":"py.warnings"}
{"timestamp":"2026-02-20T06:33:06.825246Z","level":"info","event":"Transformation complete. Saved to /opt/airflow/data/cleaned.csv","logger":"task.stdout"}
{"timestamp":"2026-02-20T06:33:06.841728Z","level":"info","event":"Done. Returned value was: Transformation complete","logger":"airflow.task.operators.airflow.providers.standard.operators.python.PythonOperator","filename":"python.py","lineno":230}
{"timestamp":"2026-02-20T06:33:06.842960Z","level":"info","event":"Pushing xcom","ti":"RuntimeTaskInstance(id=UUID('019c79be-dafe-73a7-ba4b-9bdc3c4dffef'), task_id='transform_data', dag_id='etl_kaggle_pipeline', run_id='manual__2026-02-20T06:31:16.851647+00:00', try_number=1, dag_version_id=UUID('019c799a-51ae-76f2-94d4-fa03e98c6b01'), map_index=-1, hostname='25b3f31caa3b', context_carrier={}, task=<Task(PythonOperator): transform_data>, bundle_instance=LocalDagBundle(name=dags-folder), max_tries=0, start_date=datetime.datetime(2026, 2, 20, 6, 32, 50, 889601, tzinfo=datetime.timezone.utc), end_date=None, state=<TaskInstanceState.RUNNING: 'running'>, is_mapped=False, rendered_map_index=None)","logger":"task","filename":"task_runner.py","lineno":1522}
{"timestamp":"2026-02-20T06:33:06.922205Z","level":"info","event":"Task instance in success state","logger":"task.stdout"}
{"timestamp":"2026-02-20T06:33:06.925254Z","level":"info","event":" Previous state of the Task instance: TaskInstanceState.RUNNING","logger":"task.stdout"}
{"timestamp":"2026-02-20T06:33:06.928835Z","level":"info","event":"Task operator:<Task(PythonOperator): transform_data>","logger":"task.stdout"}
