{"timestamp":"2026-02-19T14:33:25.258153Z","level":"info","event":"DAG bundles loaded: dags-folder, example_dags","logger":"airflow.dag_processing.bundles.manager.DagBundlesManager","filename":"manager.py","lineno":179}
{"timestamp":"2026-02-19T14:33:25.261567Z","level":"info","event":"Filling up the DagBag from /opt/airflow/dags/etl_pipeline/dag_etl.py","logger":"airflow.models.dagbag.BundleDagBag","filename":"dagbag.py","lineno":593}
{"timestamp":"2026-02-19T14:33:25.699343Z","level":"warning","event":"The `airflow.operators.python.PythonOperator` attribute is deprecated. Please use `'airflow.providers.standard.operators.python.PythonOperator'`.","category":"DeprecatedImportWarning","filename":"/opt/airflow/dags/etl_pipeline/dag_etl.py","lineno":7,"logger":"py.warnings"}
{"timestamp":"2026-02-19T14:33:25.761274Z","level":"info","event":"Task instance is in running state","logger":"task.stdout"}
{"timestamp":"2026-02-19T14:33:25.762252Z","level":"info","event":" Previous state of the Task instance: TaskInstanceState.QUEUED","logger":"task.stdout"}
{"timestamp":"2026-02-19T14:33:25.764324Z","level":"info","event":"Current task name:transform_data","logger":"task.stdout"}
{"timestamp":"2026-02-19T14:33:25.765038Z","level":"info","event":"Dag name:etl_kaggle_pipeline","logger":"task.stdout"}
{"timestamp":"2026-02-19T14:33:25.778737Z","level":"info","event":"Reading file: ADANIPORTS.csv","logger":"task.stdout"}
{"timestamp":"2026-02-19T14:33:25.882255Z","level":"info","event":"Reading file: ASIANPAINT.csv","logger":"task.stdout"}
{"timestamp":"2026-02-19T14:33:25.928422Z","level":"info","event":"Reading file: AXISBANK.csv","logger":"task.stdout"}
{"timestamp":"2026-02-19T14:33:25.997874Z","level":"info","event":"Reading file: BAJAJ-AUTO.csv","logger":"task.stdout"}
{"timestamp":"2026-02-19T14:33:26.052920Z","level":"info","event":"Reading file: BAJAJFINSV.csv","logger":"task.stdout"}
{"timestamp":"2026-02-19T14:33:26.094023Z","level":"info","event":"Reading file: BAJFINANCE.csv","logger":"task.stdout"}
{"timestamp":"2026-02-19T14:33:26.148420Z","level":"info","event":"Reading file: BHARTIARTL.csv","logger":"task.stdout"}
{"timestamp":"2026-02-19T14:33:26.216218Z","level":"info","event":"Reading file: BPCL.csv","logger":"task.stdout"}
{"timestamp":"2026-02-19T14:33:26.265245Z","level":"info","event":"Reading file: BRITANNIA.csv","logger":"task.stdout"}
{"timestamp":"2026-02-19T14:33:26.311451Z","level":"info","event":"Reading file: CIPLA.csv","logger":"task.stdout"}
{"timestamp":"2026-02-19T14:33:26.378627Z","level":"info","event":"Reading file: COALINDIA.csv","logger":"task.stdout"}
{"timestamp":"2026-02-19T14:33:26.422922Z","level":"info","event":"Reading file: DRREDDY.csv","logger":"task.stdout"}
{"timestamp":"2026-02-19T14:33:26.489538Z","level":"info","event":"Reading file: EICHERMOT.csv","logger":"task.stdout"}
{"timestamp":"2026-02-19T14:33:26.553630Z","level":"info","event":"Reading file: GAIL.csv","logger":"task.stdout"}
{"timestamp":"2026-02-19T14:33:26.615787Z","level":"info","event":"Reading file: GRASIM.csv","logger":"task.stdout"}
{"timestamp":"2026-02-19T14:33:26.678887Z","level":"info","event":"Reading file: HCLTECH.csv","logger":"task.stdout"}
{"timestamp":"2026-02-19T14:33:26.778944Z","level":"info","event":"Reading file: HDFC.csv","logger":"task.stdout"}
{"timestamp":"2026-02-19T14:33:26.857300Z","level":"info","event":"Reading file: HDFCBANK.csv","logger":"task.stdout"}
{"timestamp":"2026-02-19T14:33:26.963583Z","level":"info","event":"Reading file: HEROMOTOCO.csv","logger":"task.stdout"}
{"timestamp":"2026-02-19T14:33:27.095319Z","level":"info","event":"Reading file: HINDALCO.csv","logger":"task.stdout"}
{"timestamp":"2026-02-19T14:33:27.188909Z","level":"info","event":"Reading file: HINDUNILVR.csv","logger":"task.stdout"}
{"timestamp":"2026-02-19T14:33:27.231460Z","level":"info","event":"Reading file: ICICIBANK.csv","logger":"task.stdout"}
{"timestamp":"2026-02-19T14:33:27.293590Z","level":"info","event":"Reading file: INDUSINDBK.csv","logger":"task.stdout"}
{"timestamp":"2026-02-19T14:33:27.358304Z","level":"info","event":"Reading file: INFRATEL.csv","logger":"task.stdout"}
{"timestamp":"2026-02-19T14:33:27.399854Z","level":"info","event":"Reading file: INFY.csv","logger":"task.stdout"}
{"timestamp":"2026-02-19T14:33:27.456663Z","level":"info","event":"Reading file: IOC.csv","logger":"task.stdout"}
{"timestamp":"2026-02-19T14:33:27.611002Z","level":"info","event":"Reading file: ITC.csv","logger":"task.stdout"}
{"timestamp":"2026-02-19T14:33:27.716708Z","level":"info","event":"Reading file: JSWSTEEL.csv","logger":"task.stdout"}
{"timestamp":"2026-02-19T14:33:27.827724Z","level":"info","event":"Reading file: KOTAKBANK.csv","logger":"task.stdout"}
{"timestamp":"2026-02-19T14:33:27.976453Z","level":"info","event":"Reading file: LT.csv","logger":"task.stdout"}
{"timestamp":"2026-02-19T14:33:28.130803Z","level":"info","event":"Reading file: MARUTI.csv","logger":"task.stdout"}
{"timestamp":"2026-02-19T14:33:28.252601Z","level":"info","event":"Reading file: MM.csv","logger":"task.stdout"}
{"timestamp":"2026-02-19T14:33:28.408356Z","level":"info","event":"Reading file: NESTLEIND.csv","logger":"task.stdout"}
{"timestamp":"2026-02-19T14:33:28.487323Z","level":"info","event":"Reading file: NIFTY50_all.csv","logger":"task.stdout"}
{"timestamp":"2026-02-19T14:33:32.704239Z","level":"info","event":"Reading file: NTPC.csv","logger":"task.stdout"}
{"timestamp":"2026-02-19T14:33:32.781378Z","level":"info","event":"Reading file: ONGC.csv","logger":"task.stdout"}
{"timestamp":"2026-02-19T14:33:32.851870Z","level":"info","event":"Reading file: POWERGRID.csv","logger":"task.stdout"}
{"timestamp":"2026-02-19T14:33:32.903436Z","level":"info","event":"Reading file: RELIANCE.csv","logger":"task.stdout"}
{"timestamp":"2026-02-19T14:33:32.967117Z","level":"info","event":"Reading file: SBIN.csv","logger":"task.stdout"}
{"timestamp":"2026-02-19T14:33:33.036881Z","level":"info","event":"Reading file: SHREECEM.csv","logger":"task.stdout"}
{"timestamp":"2026-02-19T14:33:33.164095Z","level":"info","event":"Reading file: stock_metadata.csv","logger":"task.stdout"}
{"timestamp":"2026-02-19T14:33:33.200102Z","level":"info","event":"Reading file: SUNPHARMA.csv","logger":"task.stdout"}
{"timestamp":"2026-02-19T14:33:33.290511Z","level":"info","event":"Reading file: TATAMOTORS.csv","logger":"task.stdout"}
{"timestamp":"2026-02-19T14:33:33.366093Z","level":"info","event":"Reading file: TATASTEEL.csv","logger":"task.stdout"}
{"timestamp":"2026-02-19T14:33:33.439646Z","level":"info","event":"Reading file: TCS.csv","logger":"task.stdout"}
{"timestamp":"2026-02-19T14:33:33.521618Z","level":"info","event":"Reading file: TECHM.csv","logger":"task.stdout"}
{"timestamp":"2026-02-19T14:33:33.588702Z","level":"info","event":"Reading file: TITAN.csv","logger":"task.stdout"}
{"timestamp":"2026-02-19T14:33:33.677074Z","level":"info","event":"Reading file: ULTRACEMCO.csv","logger":"task.stdout"}
{"timestamp":"2026-02-19T14:33:33.744719Z","level":"info","event":"Reading file: UPL.csv","logger":"task.stdout"}
{"timestamp":"2026-02-19T14:33:33.798287Z","level":"info","event":"Reading file: VEDL.csv","logger":"task.stdout"}
{"timestamp":"2026-02-19T14:33:33.892194Z","level":"info","event":"Reading file: WIPRO.csv","logger":"task.stdout"}
{"timestamp":"2026-02-19T14:33:33.936381Z","level":"info","event":"Reading file: ZEEL.csv","logger":"task.stdout"}
{"timestamp":"2026-02-19T14:33:34.162024Z","level":"warning","event":"The behavior of DataFrame concatenation with empty or all-NA entries is deprecated. In a future version, this will no longer exclude empty or all-NA columns when determining the result dtypes. To retain the old behavior, exclude the relevant entries before the concat operation.","category":"FutureWarning","filename":"/opt/airflow/dags/etl_pipeline/dag_etl.py","lineno":51,"logger":"py.warnings"}
{"timestamp":"2026-02-19T14:33:43.137148Z","level":"info","event":"Transformation complete.","logger":"task.stdout"}
{"timestamp":"2026-02-19T14:33:43.144495Z","level":"info","event":"Done. Returned value was: Transformation complete","logger":"airflow.task.operators.airflow.providers.standard.operators.python.PythonOperator","filename":"python.py","lineno":230}
{"timestamp":"2026-02-19T14:33:43.145102Z","level":"info","event":"Pushing xcom","ti":"RuntimeTaskInstance(id=UUID('019c7650-aa37-78b9-8cda-3b85f419074f'), task_id='transform_data', dag_id='etl_kaggle_pipeline', run_id='manual__2026-02-19T14:32:03.655396+00:00', try_number=1, dag_version_id=UUID('019c7612-cb85-7428-94fc-600f649dfd48'), map_index=-1, hostname='c6cecfed3fcc', context_carrier={}, task=<Task(PythonOperator): transform_data>, bundle_instance=LocalDagBundle(name=dags-folder), max_tries=0, start_date=datetime.datetime(2026, 2, 19, 14, 33, 24, 238023, tzinfo=datetime.timezone.utc), end_date=None, state=<TaskInstanceState.RUNNING: 'running'>, is_mapped=False, rendered_map_index=None)","logger":"task","filename":"task_runner.py","lineno":1522}
{"timestamp":"2026-02-19T14:33:43.256454Z","level":"info","event":"Task instance in success state","logger":"task.stdout"}
{"timestamp":"2026-02-19T14:33:43.257153Z","level":"info","event":" Previous state of the Task instance: TaskInstanceState.RUNNING","logger":"task.stdout"}
{"timestamp":"2026-02-19T14:33:43.257992Z","level":"info","event":"Task operator:<Task(PythonOperator): transform_data>","logger":"task.stdout"}
