{"timestamp":"2026-02-21T13:10:05.586319Z","level":"info","event":"DAG bundles loaded: dags-folder, example_dags","logger":"airflow.dag_processing.bundles.manager.DagBundlesManager","filename":"manager.py","lineno":179}
{"timestamp":"2026-02-21T13:10:05.589354Z","level":"info","event":"Filling up the DagBag from /opt/airflow/dags/etl_pipeline/dag_etl.py","logger":"airflow.models.dagbag.BundleDagBag","filename":"dagbag.py","lineno":593}
{"timestamp":"2026-02-21T13:10:05.754112Z","level":"warning","event":"The `airflow.operators.python.PythonOperator` attribute is deprecated. Please use `'airflow.providers.standard.operators.python.PythonOperator'`.","category":"DeprecatedImportWarning","filename":"/opt/airflow/dags/etl_pipeline/dag_etl.py","lineno":7,"logger":"py.warnings"}
{"timestamp":"2026-02-21T13:10:05.783708Z","level":"info","event":"Task instance is in running state","logger":"task.stdout"}
{"timestamp":"2026-02-21T13:10:05.784298Z","level":"info","event":" Previous state of the Task instance: TaskInstanceState.QUEUED","logger":"task.stdout"}
{"timestamp":"2026-02-21T13:10:05.784814Z","level":"info","event":"Current task name:transform_data","logger":"task.stdout"}
{"timestamp":"2026-02-21T13:10:05.785289Z","level":"info","event":"Dag name:etl_kaggle_pipeline","logger":"task.stdout"}
{"timestamp":"2026-02-21T13:10:05.792711Z","level":"info","event":"Reading file: ADANIPORTS.csv","logger":"task.stdout"}
{"timestamp":"2026-02-21T13:10:05.897418Z","level":"info","event":"Reading file: ASIANPAINT.csv","logger":"task.stdout"}
{"timestamp":"2026-02-21T13:10:05.930622Z","level":"info","event":"Reading file: AXISBANK.csv","logger":"task.stdout"}
{"timestamp":"2026-02-21T13:10:05.960191Z","level":"info","event":"Reading file: BAJAJ-AUTO.csv","logger":"task.stdout"}
{"timestamp":"2026-02-21T13:10:05.988571Z","level":"info","event":"Reading file: BAJAJFINSV.csv","logger":"task.stdout"}
{"timestamp":"2026-02-21T13:10:06.014921Z","level":"info","event":"Reading file: BAJFINANCE.csv","logger":"task.stdout"}
{"timestamp":"2026-02-21T13:10:06.047488Z","level":"info","event":"Reading file: BHARTIARTL.csv","logger":"task.stdout"}
{"timestamp":"2026-02-21T13:10:06.087203Z","level":"info","event":"Reading file: BPCL.csv","logger":"task.stdout"}
{"timestamp":"2026-02-21T13:10:06.126593Z","level":"info","event":"Reading file: BRITANNIA.csv","logger":"task.stdout"}
{"timestamp":"2026-02-21T13:10:06.159285Z","level":"info","event":"Reading file: CIPLA.csv","logger":"task.stdout"}
{"timestamp":"2026-02-21T13:10:06.192466Z","level":"info","event":"Reading file: COALINDIA.csv","logger":"task.stdout"}
{"timestamp":"2026-02-21T13:10:06.220181Z","level":"info","event":"Reading file: DRREDDY.csv","logger":"task.stdout"}
{"timestamp":"2026-02-21T13:10:06.260744Z","level":"info","event":"Reading file: EICHERMOT.csv","logger":"task.stdout"}
{"timestamp":"2026-02-21T13:10:06.300393Z","level":"info","event":"Reading file: GAIL.csv","logger":"task.stdout"}
{"timestamp":"2026-02-21T13:10:06.334287Z","level":"info","event":"Reading file: GRASIM.csv","logger":"task.stdout"}
{"timestamp":"2026-02-21T13:10:06.369336Z","level":"info","event":"Reading file: HCLTECH.csv","logger":"task.stdout"}
{"timestamp":"2026-02-21T13:10:06.404857Z","level":"info","event":"Reading file: HDFC.csv","logger":"task.stdout"}
{"timestamp":"2026-02-21T13:10:06.440262Z","level":"info","event":"Reading file: HDFCBANK.csv","logger":"task.stdout"}
{"timestamp":"2026-02-21T13:10:06.489908Z","level":"info","event":"Reading file: HEROMOTOCO.csv","logger":"task.stdout"}
{"timestamp":"2026-02-21T13:10:06.557653Z","level":"info","event":"Reading file: HINDALCO.csv","logger":"task.stdout"}
{"timestamp":"2026-02-21T13:10:06.603246Z","level":"info","event":"Reading file: HINDUNILVR.csv","logger":"task.stdout"}
{"timestamp":"2026-02-21T13:10:06.641990Z","level":"info","event":"Reading file: ICICIBANK.csv","logger":"task.stdout"}
{"timestamp":"2026-02-21T13:10:06.676312Z","level":"info","event":"Reading file: INDUSINDBK.csv","logger":"task.stdout"}
{"timestamp":"2026-02-21T13:10:06.715366Z","level":"info","event":"Reading file: INFRATEL.csv","logger":"task.stdout"}
{"timestamp":"2026-02-21T13:10:06.729316Z","level":"info","event":"Reading file: INFY.csv","logger":"task.stdout"}
{"timestamp":"2026-02-21T13:10:06.774832Z","level":"info","event":"Reading file: IOC.csv","logger":"task.stdout"}
{"timestamp":"2026-02-21T13:10:06.818398Z","level":"info","event":"Reading file: ITC.csv","logger":"task.stdout"}
{"timestamp":"2026-02-21T13:10:06.860264Z","level":"info","event":"Reading file: JSWSTEEL.csv","logger":"task.stdout"}
{"timestamp":"2026-02-21T13:10:06.902950Z","level":"info","event":"Reading file: KOTAKBANK.csv","logger":"task.stdout"}
{"timestamp":"2026-02-21T13:10:06.944658Z","level":"info","event":"Reading file: LT.csv","logger":"task.stdout"}
{"timestamp":"2026-02-21T13:10:06.996406Z","level":"info","event":"Reading file: MARUTI.csv","logger":"task.stdout"}
{"timestamp":"2026-02-21T13:10:07.050018Z","level":"info","event":"Reading file: MM.csv","logger":"task.stdout"}
{"timestamp":"2026-02-21T13:10:07.100592Z","level":"info","event":"Reading file: NESTLEIND.csv","logger":"task.stdout"}
{"timestamp":"2026-02-21T13:10:07.133484Z","level":"info","event":"Reading file: NIFTY50_all.csv","logger":"task.stdout"}
{"timestamp":"2026-02-21T13:10:08.687881Z","level":"info","event":"Reading file: NTPC.csv","logger":"task.stdout"}
{"timestamp":"2026-02-21T13:10:08.720723Z","level":"info","event":"Reading file: ONGC.csv","logger":"task.stdout"}
{"timestamp":"2026-02-21T13:10:08.755230Z","level":"info","event":"Reading file: POWERGRID.csv","logger":"task.stdout"}
{"timestamp":"2026-02-21T13:10:08.782004Z","level":"info","event":"Reading file: RELIANCE.csv","logger":"task.stdout"}
{"timestamp":"2026-02-21T13:10:08.814710Z","level":"info","event":"Reading file: SBIN.csv","logger":"task.stdout"}
{"timestamp":"2026-02-21T13:10:08.849120Z","level":"info","event":"Reading file: SHREECEM.csv","logger":"task.stdout"}
{"timestamp":"2026-02-21T13:10:08.878417Z","level":"info","event":"Reading file: stock_metadata.csv","logger":"task.stdout"}
{"timestamp":"2026-02-21T13:10:08.887623Z","level":"info","event":"Reading file: SUNPHARMA.csv","logger":"task.stdout"}
{"timestamp":"2026-02-21T13:10:08.926225Z","level":"info","event":"Reading file: TATAMOTORS.csv","logger":"task.stdout"}
{"timestamp":"2026-02-21T13:10:08.956033Z","level":"info","event":"Reading file: TATASTEEL.csv","logger":"task.stdout"}
{"timestamp":"2026-02-21T13:10:08.984776Z","level":"info","event":"Reading file: TCS.csv","logger":"task.stdout"}
{"timestamp":"2026-02-21T13:10:09.013181Z","level":"info","event":"Reading file: TECHM.csv","logger":"task.stdout"}
{"timestamp":"2026-02-21T13:10:09.046973Z","level":"info","event":"Reading file: TITAN.csv","logger":"task.stdout"}
{"timestamp":"2026-02-21T13:10:09.079041Z","level":"info","event":"Reading file: ULTRACEMCO.csv","logger":"task.stdout"}
{"timestamp":"2026-02-21T13:10:09.107369Z","level":"info","event":"Reading file: UPL.csv","logger":"task.stdout"}
{"timestamp":"2026-02-21T13:10:09.146294Z","level":"info","event":"Reading file: VEDL.csv","logger":"task.stdout"}
{"timestamp":"2026-02-21T13:10:09.179739Z","level":"info","event":"Reading file: WIPRO.csv","logger":"task.stdout"}
{"timestamp":"2026-02-21T13:10:09.210275Z","level":"info","event":"Reading file: ZEEL.csv","logger":"task.stdout"}
{"timestamp":"2026-02-21T13:10:09.281331Z","level":"warning","event":"The behavior of DataFrame concatenation with empty or all-NA entries is deprecated. In a future version, this will no longer exclude empty or all-NA columns when determining the result dtypes. To retain the old behavior, exclude the relevant entries before the concat operation.","category":"FutureWarning","filename":"/opt/airflow/dags/etl_pipeline/dag_etl.py","lineno":58,"logger":"py.warnings"}
{"timestamp":"2026-02-21T13:10:16.286875Z","level":"info","event":"Transformation complete. Saved to /opt/airflow/data/cleaned.csv","logger":"task.stdout"}
{"timestamp":"2026-02-21T13:10:16.301082Z","level":"info","event":"Done. Returned value was: Transformation complete","logger":"airflow.task.operators.airflow.providers.standard.operators.python.PythonOperator","filename":"python.py","lineno":230}
{"timestamp":"2026-02-21T13:10:16.302656Z","level":"info","event":"Pushing xcom","ti":"RuntimeTaskInstance(id=UUID('019c8051-e90f-7b10-b679-15cf86e24728'), task_id='transform_data', dag_id='etl_kaggle_pipeline', run_id='manual__2026-02-21T13:09:35.589501+00:00', try_number=1, dag_version_id=UUID('019c799a-51ae-76f2-94d4-fa03e98c6b01'), map_index=-1, hostname='25b3f31caa3b', context_carrier={}, task=<Task(PythonOperator): transform_data>, bundle_instance=LocalDagBundle(name=dags-folder), max_tries=0, start_date=datetime.datetime(2026, 2, 21, 13, 10, 5, 102034, tzinfo=datetime.timezone.utc), end_date=None, state=<TaskInstanceState.RUNNING: 'running'>, is_mapped=False, rendered_map_index=None)","logger":"task","filename":"task_runner.py","lineno":1522}
{"timestamp":"2026-02-21T13:10:16.353652Z","level":"info","event":"Task instance in success state","logger":"task.stdout"}
{"timestamp":"2026-02-21T13:10:16.354336Z","level":"info","event":" Previous state of the Task instance: TaskInstanceState.RUNNING","logger":"task.stdout"}
{"timestamp":"2026-02-21T13:10:16.361064Z","level":"info","event":"Task operator:<Task(PythonOperator): transform_data>","logger":"task.stdout"}
