{"timestamp":"2026-02-17T16:24:11.038457Z","level":"info","event":"DAG bundles loaded: dags-folder, example_dags","logger":"airflow.dag_processing.bundles.manager.DagBundlesManager","filename":"manager.py","lineno":179}
{"timestamp":"2026-02-17T16:24:11.041715Z","level":"info","event":"Filling up the DagBag from /opt/airflow/dags/nifty_data_pipeline.py","logger":"airflow.models.dagbag.BundleDagBag","filename":"dagbag.py","lineno":593}
{"timestamp":"2026-02-17T16:24:11.067250Z","level":"warning","event":"The `airflow.operators.python.PythonOperator` attribute is deprecated. Please use `'airflow.providers.standard.operators.python.PythonOperator'`.","category":"DeprecatedImportWarning","filename":"/opt/airflow/dags/nifty_data_pipeline.py","lineno":2,"logger":"py.warnings"}
{"timestamp":"2026-02-17T16:24:11.103969Z","level":"info","event":"Task instance is in running state","logger":"task.stdout"}
{"timestamp":"2026-02-17T16:24:11.108450Z","level":"info","event":" Previous state of the Task instance: TaskInstanceState.QUEUED","logger":"task.stdout"}
{"timestamp":"2026-02-17T16:24:11.109206Z","level":"info","event":"Current task name:clean_data","logger":"task.stdout"}
{"timestamp":"2026-02-17T16:24:11.109855Z","level":"info","event":"Dag name:nifty_data_pipeline","logger":"task.stdout"}
{"timestamp":"2026-02-17T16:24:11.190914Z","level":"info","event":"Missing values removed","logger":"task.stdout"}
{"timestamp":"2026-02-17T16:24:11.208851Z","level":"info","event":"       date   time   cp_fut  ...  atm_strike_discrete  atm_iv  atm_iv_fitted","logger":"task.stdout"}
{"timestamp":"2026-02-17T16:24:11.209795Z","level":"info","event":"0  20250123  91600  2311490  ...            2310000.0  0.1817         0.1792","logger":"task.stdout"}
{"timestamp":"2026-02-17T16:24:11.210499Z","level":"info","event":"1  20250123  91700  2310750  ...            2310000.0  0.1814         0.1797","logger":"task.stdout"}
{"timestamp":"2026-02-17T16:24:11.211242Z","level":"info","event":"2  20250123  91800  2311031  ...            2310000.0  0.1720         0.1694","logger":"task.stdout"}
{"timestamp":"2026-02-17T16:24:11.211900Z","level":"info","event":"3  20250123  91900  2311759  ...            2310000.0  0.2001         0.1974","logger":"task.stdout"}
{"timestamp":"2026-02-17T16:24:11.212667Z","level":"info","event":"4  20250123  92000  2311936  ...            2310000.0  0.2014         0.1986","logger":"task.stdout"}
{"timestamp":"2026-02-17T16:24:11.213618Z","level":"info","event":"","logger":"task.stdout"}
{"timestamp":"2026-02-17T16:24:11.214705Z","level":"info","event":"[5 rows x 10 columns]","logger":"task.stdout"}
{"timestamp":"2026-02-17T16:24:11.209066Z","level":"info","event":"Done. Returned value was: None","logger":"airflow.task.operators.airflow.providers.standard.operators.python.PythonOperator","filename":"python.py","lineno":230}
{"timestamp":"2026-02-17T16:24:11.242998Z","level":"info","event":"Task instance in success state","logger":"task.stdout"}
{"timestamp":"2026-02-17T16:24:11.243850Z","level":"info","event":" Previous state of the Task instance: TaskInstanceState.RUNNING","logger":"task.stdout"}
{"timestamp":"2026-02-17T16:24:11.245548Z","level":"info","event":"Task operator:<Task(PythonOperator): clean_data>","logger":"task.stdout"}
