{"timestamp":"2026-02-19T14:53:02.283875Z","level":"info","event":"DAG bundles loaded: dags-folder, example_dags","logger":"airflow.dag_processing.bundles.manager.DagBundlesManager","filename":"manager.py","lineno":179}
{"timestamp":"2026-02-19T14:53:02.290853Z","level":"info","event":"Filling up the DagBag from /opt/airflow/dags/etl_pipeline/dag_etl.py","logger":"airflow.models.dagbag.BundleDagBag","filename":"dagbag.py","lineno":593}
{"timestamp":"2026-02-19T14:53:02.719213Z","level":"warning","event":"The `airflow.operators.python.PythonOperator` attribute is deprecated. Please use `'airflow.providers.standard.operators.python.PythonOperator'`.","category":"DeprecatedImportWarning","filename":"/opt/airflow/dags/etl_pipeline/dag_etl.py","lineno":7,"logger":"py.warnings"}
{"timestamp":"2026-02-19T14:53:02.822309Z","level":"info","event":"Task instance is in running state","logger":"task.stdout"}
{"timestamp":"2026-02-19T14:53:02.826039Z","level":"info","event":" Previous state of the Task instance: TaskInstanceState.QUEUED","logger":"task.stdout"}
{"timestamp":"2026-02-19T14:53:02.827752Z","level":"info","event":"Current task name:transform_data","logger":"task.stdout"}
{"timestamp":"2026-02-19T14:53:02.828611Z","level":"info","event":"Dag name:etl_kaggle_pipeline","logger":"task.stdout"}
{"timestamp":"2026-02-19T14:53:02.844100Z","level":"info","event":"Reading file: ADANIPORTS.csv","logger":"task.stdout"}
{"timestamp":"2026-02-19T14:53:02.916825Z","level":"info","event":"Reading file: ASIANPAINT.csv","logger":"task.stdout"}
{"timestamp":"2026-02-19T14:53:02.996008Z","level":"info","event":"Reading file: AXISBANK.csv","logger":"task.stdout"}
{"timestamp":"2026-02-19T14:53:03.062115Z","level":"info","event":"Reading file: BAJAJ-AUTO.csv","logger":"task.stdout"}
{"timestamp":"2026-02-19T14:53:03.105633Z","level":"info","event":"Reading file: BAJAJFINSV.csv","logger":"task.stdout"}
{"timestamp":"2026-02-19T14:53:03.153476Z","level":"info","event":"Reading file: BAJFINANCE.csv","logger":"task.stdout"}
{"timestamp":"2026-02-19T14:53:03.210312Z","level":"info","event":"Reading file: BHARTIARTL.csv","logger":"task.stdout"}
{"timestamp":"2026-02-19T14:53:03.268330Z","level":"info","event":"Reading file: BPCL.csv","logger":"task.stdout"}
{"timestamp":"2026-02-19T14:53:03.331871Z","level":"info","event":"Reading file: BRITANNIA.csv","logger":"task.stdout"}
{"timestamp":"2026-02-19T14:53:03.376709Z","level":"info","event":"Reading file: CIPLA.csv","logger":"task.stdout"}
{"timestamp":"2026-02-19T14:53:03.421706Z","level":"info","event":"Reading file: COALINDIA.csv","logger":"task.stdout"}
{"timestamp":"2026-02-19T14:53:03.455304Z","level":"info","event":"Reading file: DRREDDY.csv","logger":"task.stdout"}
{"timestamp":"2026-02-19T14:53:03.506307Z","level":"info","event":"Reading file: EICHERMOT.csv","logger":"task.stdout"}
{"timestamp":"2026-02-19T14:53:03.595036Z","level":"info","event":"Reading file: GAIL.csv","logger":"task.stdout"}
{"timestamp":"2026-02-19T14:53:03.663890Z","level":"info","event":"Reading file: GRASIM.csv","logger":"task.stdout"}
{"timestamp":"2026-02-19T14:53:03.714509Z","level":"info","event":"Reading file: HCLTECH.csv","logger":"task.stdout"}
{"timestamp":"2026-02-19T14:53:03.767364Z","level":"info","event":"Reading file: HDFC.csv","logger":"task.stdout"}
{"timestamp":"2026-02-19T14:53:03.822067Z","level":"info","event":"Reading file: HDFCBANK.csv","logger":"task.stdout"}
{"timestamp":"2026-02-19T14:53:03.884452Z","level":"info","event":"Reading file: HEROMOTOCO.csv","logger":"task.stdout"}
{"timestamp":"2026-02-19T14:53:03.938303Z","level":"info","event":"Reading file: HINDALCO.csv","logger":"task.stdout"}
{"timestamp":"2026-02-19T14:53:03.985129Z","level":"info","event":"Reading file: HINDUNILVR.csv","logger":"task.stdout"}
{"timestamp":"2026-02-19T14:53:04.039484Z","level":"info","event":"Reading file: ICICIBANK.csv","logger":"task.stdout"}
{"timestamp":"2026-02-19T14:53:04.104145Z","level":"info","event":"Reading file: INDUSINDBK.csv","logger":"task.stdout"}
{"timestamp":"2026-02-19T14:53:04.186056Z","level":"info","event":"Reading file: INFRATEL.csv","logger":"task.stdout"}
{"timestamp":"2026-02-19T14:53:04.215819Z","level":"info","event":"Reading file: INFY.csv","logger":"task.stdout"}
{"timestamp":"2026-02-19T14:53:04.284138Z","level":"info","event":"Reading file: IOC.csv","logger":"task.stdout"}
{"timestamp":"2026-02-19T14:53:04.330630Z","level":"info","event":"Reading file: ITC.csv","logger":"task.stdout"}
{"timestamp":"2026-02-19T14:53:04.380023Z","level":"info","event":"Reading file: JSWSTEEL.csv","logger":"task.stdout"}
{"timestamp":"2026-02-19T14:53:04.437360Z","level":"info","event":"Reading file: KOTAKBANK.csv","logger":"task.stdout"}
{"timestamp":"2026-02-19T14:53:04.512987Z","level":"info","event":"Reading file: LT.csv","logger":"task.stdout"}
{"timestamp":"2026-02-19T14:53:04.552630Z","level":"info","event":"Reading file: MARUTI.csv","logger":"task.stdout"}
{"timestamp":"2026-02-19T14:53:04.600506Z","level":"info","event":"Reading file: MM.csv","logger":"task.stdout"}
{"timestamp":"2026-02-19T14:53:04.643497Z","level":"info","event":"Reading file: NESTLEIND.csv","logger":"task.stdout"}
{"timestamp":"2026-02-19T14:53:04.678985Z","level":"info","event":"Reading file: NIFTY50_all.csv","logger":"task.stdout"}
{"timestamp":"2026-02-19T14:53:06.297350Z","level":"info","event":"Reading file: NTPC.csv","logger":"task.stdout"}
{"timestamp":"2026-02-19T14:53:06.342577Z","level":"info","event":"Reading file: ONGC.csv","logger":"task.stdout"}
{"timestamp":"2026-02-19T14:53:06.384475Z","level":"info","event":"Reading file: POWERGRID.csv","logger":"task.stdout"}
{"timestamp":"2026-02-19T14:53:06.421416Z","level":"info","event":"Reading file: RELIANCE.csv","logger":"task.stdout"}
{"timestamp":"2026-02-19T14:53:06.474067Z","level":"info","event":"Reading file: SBIN.csv","logger":"task.stdout"}
{"timestamp":"2026-02-19T14:53:06.531153Z","level":"info","event":"Reading file: SHREECEM.csv","logger":"task.stdout"}
{"timestamp":"2026-02-19T14:53:06.576720Z","level":"info","event":"Reading file: stock_metadata.csv","logger":"task.stdout"}
{"timestamp":"2026-02-19T14:53:06.598161Z","level":"info","event":"Reading file: SUNPHARMA.csv","logger":"task.stdout"}
{"timestamp":"2026-02-19T14:53:06.644167Z","level":"info","event":"Reading file: TATAMOTORS.csv","logger":"task.stdout"}
{"timestamp":"2026-02-19T14:53:06.679745Z","level":"info","event":"Reading file: TATASTEEL.csv","logger":"task.stdout"}
{"timestamp":"2026-02-19T14:53:06.714737Z","level":"info","event":"Reading file: TCS.csv","logger":"task.stdout"}
{"timestamp":"2026-02-19T14:53:06.748498Z","level":"info","event":"Reading file: TECHM.csv","logger":"task.stdout"}
{"timestamp":"2026-02-19T14:53:06.801182Z","level":"info","event":"Reading file: TITAN.csv","logger":"task.stdout"}
{"timestamp":"2026-02-19T14:53:06.847884Z","level":"info","event":"Reading file: ULTRACEMCO.csv","logger":"task.stdout"}
{"timestamp":"2026-02-19T14:53:06.887689Z","level":"info","event":"Reading file: UPL.csv","logger":"task.stdout"}
{"timestamp":"2026-02-19T14:53:06.928391Z","level":"info","event":"Reading file: VEDL.csv","logger":"task.stdout"}
{"timestamp":"2026-02-19T14:53:06.992734Z","level":"info","event":"Reading file: WIPRO.csv","logger":"task.stdout"}
{"timestamp":"2026-02-19T14:53:07.049261Z","level":"info","event":"Reading file: ZEEL.csv","logger":"task.stdout"}
{"timestamp":"2026-02-19T14:53:07.142549Z","level":"warning","event":"The behavior of DataFrame concatenation with empty or all-NA entries is deprecated. In a future version, this will no longer exclude empty or all-NA columns when determining the result dtypes. To retain the old behavior, exclude the relevant entries before the concat operation.","category":"FutureWarning","filename":"/opt/airflow/dags/etl_pipeline/dag_etl.py","lineno":51,"logger":"py.warnings"}
{"timestamp":"2026-02-19T14:53:12.318607Z","level":"info","event":"Transformation complete.","logger":"task.stdout"}
{"timestamp":"2026-02-19T14:53:12.330285Z","level":"info","event":"Done. Returned value was: Transformation complete","logger":"airflow.task.operators.airflow.providers.standard.operators.python.PythonOperator","filename":"python.py","lineno":230}
{"timestamp":"2026-02-19T14:53:12.330738Z","level":"info","event":"Pushing xcom","ti":"RuntimeTaskInstance(id=UUID('019c7663-9978-7114-aa6f-1f1a96650638'), task_id='transform_data', dag_id='etl_kaggle_pipeline', run_id='manual__2026-02-19T14:52:44.746066+00:00', try_number=1, dag_version_id=UUID('019c7612-cb85-7428-94fc-600f649dfd48'), map_index=-1, hostname='c6cecfed3fcc', context_carrier={}, task=<Task(PythonOperator): transform_data>, bundle_instance=LocalDagBundle(name=dags-folder), max_tries=0, start_date=datetime.datetime(2026, 2, 19, 14, 53, 0, 722606, tzinfo=datetime.timezone.utc), end_date=None, state=<TaskInstanceState.RUNNING: 'running'>, is_mapped=False, rendered_map_index=None)","logger":"task","filename":"task_runner.py","lineno":1522}
{"timestamp":"2026-02-19T14:53:12.387129Z","level":"info","event":"Task instance in success state","logger":"task.stdout"}
{"timestamp":"2026-02-19T14:53:12.388414Z","level":"info","event":" Previous state of the Task instance: TaskInstanceState.RUNNING","logger":"task.stdout"}
{"timestamp":"2026-02-19T14:53:12.389545Z","level":"info","event":"Task operator:<Task(PythonOperator): transform_data>","logger":"task.stdout"}
