{"timestamp":"2026-02-19T10:55:15.884430Z","level":"info","event":"DAG bundles loaded: dags-folder, example_dags","logger":"airflow.dag_processing.bundles.manager.DagBundlesManager","filename":"manager.py","lineno":179}
{"timestamp":"2026-02-19T10:55:15.887383Z","level":"info","event":"Filling up the DagBag from /opt/airflow/dags/etl_pipeline/dag_etl.py","logger":"airflow.models.dagbag.BundleDagBag","filename":"dagbag.py","lineno":593}
{"timestamp":"2026-02-19T10:55:16.184891Z","level":"warning","event":"The `airflow.operators.python.PythonOperator` attribute is deprecated. Please use `'airflow.providers.standard.operators.python.PythonOperator'`.","category":"DeprecatedImportWarning","filename":"/opt/airflow/dags/etl_pipeline/dag_etl.py","lineno":7,"logger":"py.warnings"}
{"timestamp":"2026-02-19T10:55:16.244123Z","level":"info","event":"Task instance is in running state","logger":"task.stdout"}
{"timestamp":"2026-02-19T10:55:16.245309Z","level":"info","event":" Previous state of the Task instance: TaskInstanceState.QUEUED","logger":"task.stdout"}
{"timestamp":"2026-02-19T10:55:16.246940Z","level":"info","event":"Current task name:transform_data","logger":"task.stdout"}
{"timestamp":"2026-02-19T10:55:16.247682Z","level":"info","event":"Dag name:etl_kaggle_pipeline","logger":"task.stdout"}
{"timestamp":"2026-02-19T10:55:16.262418Z","level":"info","event":"Reading file: ADANIPORTS.csv","logger":"task.stdout"}
{"timestamp":"2026-02-19T10:55:16.365639Z","level":"info","event":"Reading file: ASIANPAINT.csv","logger":"task.stdout"}
{"timestamp":"2026-02-19T10:55:16.412491Z","level":"info","event":"Reading file: AXISBANK.csv","logger":"task.stdout"}
{"timestamp":"2026-02-19T10:55:16.460600Z","level":"info","event":"Reading file: BAJAJ-AUTO.csv","logger":"task.stdout"}
{"timestamp":"2026-02-19T10:55:16.519750Z","level":"info","event":"Reading file: BAJAJFINSV.csv","logger":"task.stdout"}
{"timestamp":"2026-02-19T10:55:16.556544Z","level":"info","event":"Reading file: BAJFINANCE.csv","logger":"task.stdout"}
{"timestamp":"2026-02-19T10:55:16.605467Z","level":"info","event":"Reading file: BHARTIARTL.csv","logger":"task.stdout"}
{"timestamp":"2026-02-19T10:55:16.656243Z","level":"info","event":"Reading file: BPCL.csv","logger":"task.stdout"}
{"timestamp":"2026-02-19T10:55:16.712230Z","level":"info","event":"Reading file: BRITANNIA.csv","logger":"task.stdout"}
{"timestamp":"2026-02-19T10:55:16.763816Z","level":"info","event":"Reading file: CIPLA.csv","logger":"task.stdout"}
{"timestamp":"2026-02-19T10:55:16.828926Z","level":"info","event":"Reading file: cleaned_data.csv","logger":"task.stdout"}
{"timestamp":"2026-02-19T10:55:18.378826Z","level":"warning","event":"Columns (87,88,89) have mixed types. Specify dtype option on import or set low_memory=False.","category":"DtypeWarning","filename":"/opt/airflow/dags/etl_pipeline/dag_etl.py","lineno":44,"logger":"py.warnings"}
{"timestamp":"2026-02-19T10:55:22.919546Z","level":"info","event":"Reading file: COALINDIA.csv","logger":"task.stdout"}
{"timestamp":"2026-02-19T10:55:22.959536Z","level":"info","event":"Reading file: DRREDDY.csv","logger":"task.stdout"}
{"timestamp":"2026-02-19T10:55:23.014039Z","level":"info","event":"Reading file: EICHERMOT.csv","logger":"task.stdout"}
{"timestamp":"2026-02-19T10:55:23.059994Z","level":"info","event":"Reading file: GAIL.csv","logger":"task.stdout"}
{"timestamp":"2026-02-19T10:55:23.106682Z","level":"info","event":"Reading file: GRASIM.csv","logger":"task.stdout"}
{"timestamp":"2026-02-19T10:55:23.152245Z","level":"info","event":"Reading file: HCLTECH.csv","logger":"task.stdout"}
{"timestamp":"2026-02-19T10:55:23.202668Z","level":"info","event":"Reading file: HDFC.csv","logger":"task.stdout"}
{"timestamp":"2026-02-19T10:55:23.272729Z","level":"info","event":"Reading file: HDFCBANK.csv","logger":"task.stdout"}
{"timestamp":"2026-02-19T10:55:23.333047Z","level":"info","event":"Reading file: HEROMOTOCO.csv","logger":"task.stdout"}
{"timestamp":"2026-02-19T10:55:23.388595Z","level":"info","event":"Reading file: HINDALCO.csv","logger":"task.stdout"}
{"timestamp":"2026-02-19T10:55:23.434848Z","level":"info","event":"Reading file: HINDUNILVR.csv","logger":"task.stdout"}
{"timestamp":"2026-02-19T10:55:23.491115Z","level":"info","event":"Reading file: ICICIBANK.csv","logger":"task.stdout"}
{"timestamp":"2026-02-19T10:55:23.543722Z","level":"info","event":"Reading file: INDUSINDBK.csv","logger":"task.stdout"}
{"timestamp":"2026-02-19T10:55:23.601490Z","level":"info","event":"Reading file: INFRATEL.csv","logger":"task.stdout"}
{"timestamp":"2026-02-19T10:55:23.619031Z","level":"info","event":"Reading file: INFY.csv","logger":"task.stdout"}
{"timestamp":"2026-02-19T10:55:23.676182Z","level":"info","event":"Reading file: IOC.csv","logger":"task.stdout"}
{"timestamp":"2026-02-19T10:55:23.719933Z","level":"info","event":"Reading file: ITC.csv","logger":"task.stdout"}
{"timestamp":"2026-02-19T10:55:23.769886Z","level":"info","event":"Reading file: JSWSTEEL.csv","logger":"task.stdout"}
{"timestamp":"2026-02-19T10:55:23.813344Z","level":"info","event":"Reading file: KOTAKBANK.csv","logger":"task.stdout"}
{"timestamp":"2026-02-19T10:55:23.863274Z","level":"info","event":"Reading file: LT.csv","logger":"task.stdout"}
{"timestamp":"2026-02-19T10:55:23.907576Z","level":"info","event":"Reading file: MARUTI.csv","logger":"task.stdout"}
{"timestamp":"2026-02-19T10:55:23.942253Z","level":"info","event":"Reading file: MM.csv","logger":"task.stdout"}
{"timestamp":"2026-02-19T10:55:23.987685Z","level":"info","event":"Reading file: NESTLEIND.csv","logger":"task.stdout"}
{"timestamp":"2026-02-19T10:55:24.025394Z","level":"info","event":"Reading file: NIFTY50_all.csv","logger":"task.stdout"}
{"timestamp":"2026-02-19T10:55:25.678377Z","level":"info","event":"Reading file: NTPC.csv","logger":"task.stdout"}
{"timestamp":"2026-02-19T10:55:25.717438Z","level":"info","event":"Reading file: ONGC.csv","logger":"task.stdout"}
{"timestamp":"2026-02-19T10:55:25.766064Z","level":"info","event":"Reading file: POWERGRID.csv","logger":"task.stdout"}
{"timestamp":"2026-02-19T10:55:25.800891Z","level":"info","event":"Reading file: RELIANCE.csv","logger":"task.stdout"}
{"timestamp":"2026-02-19T10:55:25.839318Z","level":"info","event":"Reading file: SBIN.csv","logger":"task.stdout"}
{"timestamp":"2026-02-19T10:55:25.884056Z","level":"info","event":"Reading file: SHREECEM.csv","logger":"task.stdout"}
{"timestamp":"2026-02-19T10:55:25.925819Z","level":"info","event":"Reading file: stock_metadata.csv","logger":"task.stdout"}
{"timestamp":"2026-02-19T10:55:25.939939Z","level":"info","event":"Reading file: SUNPHARMA.csv","logger":"task.stdout"}
{"timestamp":"2026-02-19T10:55:25.984612Z","level":"info","event":"Reading file: TATAMOTORS.csv","logger":"task.stdout"}
{"timestamp":"2026-02-19T10:55:26.032797Z","level":"info","event":"Reading file: TATASTEEL.csv","logger":"task.stdout"}
{"timestamp":"2026-02-19T10:55:26.073823Z","level":"info","event":"Reading file: TCS.csv","logger":"task.stdout"}
{"timestamp":"2026-02-19T10:55:26.118179Z","level":"info","event":"Reading file: TECHM.csv","logger":"task.stdout"}
{"timestamp":"2026-02-19T10:55:26.149087Z","level":"info","event":"Reading file: TITAN.csv","logger":"task.stdout"}
{"timestamp":"2026-02-19T10:55:26.196919Z","level":"info","event":"Reading file: ULTRACEMCO.csv","logger":"task.stdout"}
{"timestamp":"2026-02-19T10:55:26.239049Z","level":"info","event":"Reading file: UPL.csv","logger":"task.stdout"}
{"timestamp":"2026-02-19T10:55:26.281690Z","level":"info","event":"Reading file: VEDL.csv","logger":"task.stdout"}
{"timestamp":"2026-02-19T10:55:26.335385Z","level":"info","event":"Reading file: WIPRO.csv","logger":"task.stdout"}
{"timestamp":"2026-02-19T10:55:26.392766Z","level":"info","event":"Reading file: ZEEL.csv","logger":"task.stdout"}
{"timestamp":"2026-02-19T10:55:26.497708Z","level":"warning","event":"The behavior of DataFrame concatenation with empty or all-NA entries is deprecated. In a future version, this will no longer exclude empty or all-NA columns when determining the result dtypes. To retain the old behavior, exclude the relevant entries before the concat operation.","category":"FutureWarning","filename":"/opt/airflow/dags/etl_pipeline/dag_etl.py","lineno":51,"logger":"py.warnings"}
{"timestamp":"2026-02-19T10:55:59.158069Z","level":"info","event":"Transformation complete.","logger":"task.stdout"}
{"timestamp":"2026-02-19T10:55:59.195903Z","level":"info","event":"Done. Returned value was: Transformation complete","logger":"airflow.task.operators.airflow.providers.standard.operators.python.PythonOperator","filename":"python.py","lineno":230}
{"timestamp":"2026-02-19T10:55:59.196818Z","level":"info","event":"Pushing xcom","ti":"RuntimeTaskInstance(id=UUID('019c7589-eefb-7785-a3ba-7d576bf6d878'), task_id='transform_data', dag_id='etl_kaggle_pipeline', run_id='manual__2026-02-19T10:54:58.739409+00:00', try_number=1, dag_version_id=UUID('019c7129-e791-7406-9a2b-97a85ad05026'), map_index=-1, hostname='c6cecfed3fcc', context_carrier={}, task=<Task(PythonOperator): transform_data>, bundle_instance=LocalDagBundle(name=dags-folder), max_tries=0, start_date=datetime.datetime(2026, 2, 19, 10, 55, 15, 9042, tzinfo=datetime.timezone.utc), end_date=None, state=<TaskInstanceState.RUNNING: 'running'>, is_mapped=False, rendered_map_index=None)","logger":"task","filename":"task_runner.py","lineno":1522}
{"timestamp":"2026-02-19T10:55:59.411224Z","level":"info","event":"Task instance in success state","logger":"task.stdout"}
{"timestamp":"2026-02-19T10:55:59.412855Z","level":"info","event":" Previous state of the Task instance: TaskInstanceState.RUNNING","logger":"task.stdout"}
{"timestamp":"2026-02-19T10:55:59.415024Z","level":"info","event":"Task operator:<Task(PythonOperator): transform_data>","logger":"task.stdout"}
